  Game.cpp
  main.cpp
  Quad.cpp
  Scene.cpp
  Shader.cpp
  ShaderProgram.cpp
  Text.cpp
  Texture.cpp
  TexturedQuad.cpp
SOIL.lib(SOIL.obj) : warning LNK4075: ignoring '/EDITANDCONTINUE' due to '/OPT:ICF' specification
LINK : warning LNK4098: defaultlib 'MSVCRTD' conflicts with use of other libs; use /NODEFAULTLIB:library
  Generating code
  Previous IPDB not found, fall back to full compilation.
  All 294 functions were compiled because no usable IPDB/IOBJ from previous compilation was found.
  Finished generating code
SOIL.lib(image_DXT.obj) : warning LNK4099: PDB 'vc100.pdb' was not found with 'SOIL.lib(image_DXT.obj)' or at 'C:\Users\viktu\Documents\VJ\OpenGL\06-text\Release\vc100.pdb'; linking object as if no debug info
SOIL.lib(image_helper.obj) : warning LNK4099: PDB 'vc100.pdb' was not found with 'SOIL.lib(image_helper.obj)' or at 'C:\Users\viktu\Documents\VJ\OpenGL\06-text\Release\vc100.pdb'; linking object as if no debug info
SOIL.lib(SOIL.obj) : warning LNK4099: PDB 'vc100.pdb' was not found with 'SOIL.lib(SOIL.obj)' or at 'C:\Users\viktu\Documents\VJ\OpenGL\06-text\Release\vc100.pdb'; linking object as if no debug info
SOIL.lib(stb_image_aug.obj) : warning LNK4099: PDB 'vc100.pdb' was not found with 'SOIL.lib(stb_image_aug.obj)' or at 'C:\Users\viktu\Documents\VJ\OpenGL\06-text\Release\vc100.pdb'; linking object as if no debug info
  06-text.vcxproj -> C:\Users\viktu\Documents\VJ\OpenGL\06-text\Release\06-text.exe
